-2.00e+00
-1.96e+00
-1.92e+00
-1.88e+00
-1.84e+00
-1.80e+00
-1.76e+00
-1.72e+00
-1.68e+00
-1.64e+00
-1.60e+00
-1.56e+00
-1.52e+00
-1.47e+00
-1.43e+00
-1.39e+00
-1.35e+00
-1.31e+00
-1.27e+00
-1.23e+00
-1.19e+00
-1.15e+00
-1.11e+00
-1.07e+00
-1.03e+00
-9.90e-01
-9.49e-01
-9.09e-01
-8.69e-01
-8.28e-01
-7.88e-01
-7.47e-01
-7.07e-01
-6.67e-01
-6.26e-01
-5.86e-01
-5.45e-01
-5.05e-01
-4.65e-01
-4.24e-01
-3.84e-01
-3.43e-01
-3.03e-01
-2.63e-01
-2.22e-01
-1.82e-01
-1.41e-01
-1.01e-01
-6.06e-02
-2.02e-02
2.02e-02
6.06e-02
1.01e-01
1.41e-01
1.82e-01
2.22e-01
2.63e-01
3.03e-01
3.43e-01
3.84e-01
4.24e-01
4.65e-01
5.05e-01
5.45e-01
5.86e-01
6.26e-01
6.67e-01
7.07e-01
7.47e-01
7.88e-01
8.28e-01
8.69e-01
9.09e-01
9.49e-01
9.90e-01
1.03e+00
1.07e+00
1.11e+00
1.15e+00
1.19e+00
1.23e+00
1.27e+00
1.31e+00
1.35e+00
1.39e+00
1.43e+00
1.47e+00
1.52e+00
1.56e+00
1.60e+00
1.64e+00
1.68e+00
1.72e+00
1.76e+00
1.80e+00
1.84e+00
1.88e+00
1.92e+00
1.96e+00
2.00e+00
