-5.29e+00
-5.14e+00
-4.99e+00
-4.84e+00
-4.68e+00
-4.57e+00
-4.39e+00
-4.26e+00
-4.14e+00
-4.00e+00
-3.87e+00
-3.77e+00
-3.64e+00
-3.52e+00
-3.40e+00
-3.30e+00
-3.19e+00
-3.09e+00
-3.00e+00
-2.90e+00
-2.81e+00
-2.71e+00
-2.63e+00
-2.55e+00
-2.48e+00
-2.40e+00
-2.33e+00
-2.27e+00
-2.21e+00
-2.16e+00
-2.11e+00
-2.05e+00
-2.01e+00
-1.97e+00
-1.93e+00
-1.89e+00
-1.86e+00
-1.83e+00
-1.80e+00
-1.78e+00
-1.75e+00
-1.73e+00
-1.71e+00
-1.70e+00
-1.68e+00
-1.66e+00
-1.65e+00
-1.64e+00
-1.63e+00
-1.61e+00
-1.60e+00
-1.60e+00
-1.59e+00
-1.58e+00
-1.58e+00
-1.57e+00
-1.57e+00
-1.57e+00
-1.57e+00
-1.57e+00
-1.58e+00
-1.58e+00
-1.60e+00
-1.61e+00
-1.63e+00
-1.65e+00
-1.68e+00
-1.70e+00
-1.74e+00
-1.77e+00
-1.81e+00
-1.85e+00
-1.89e+00
-1.95e+00
-2.00e+00
-2.05e+00
-2.12e+00
-2.18e+00
-2.25e+00
-2.33e+00
-2.39e+00
-2.48e+00
-2.57e+00
-2.65e+00
-2.76e+00
-2.85e+00
-2.93e+00
-3.04e+00
-3.15e+00
-3.26e+00
-3.37e+00
-3.49e+00
-3.62e+00
-3.75e+00
-3.88e+00
-3.99e+00
-4.13e+00
-4.30e+00
-4.43e+00
-4.57e+00
