-2.00e+00
-2.00e+00
-1.99e+00
-1.99e+00
-1.98e+00
-1.98e+00
-1.98e+00
-1.97e+00
-1.97e+00
-1.96e+00
-1.96e+00
-1.96e+00
-1.95e+00
-1.95e+00
-1.94e+00
-1.94e+00
-1.94e+00
-1.93e+00
-1.93e+00
-1.92e+00
-1.92e+00
-1.92e+00
-1.91e+00
-1.91e+00
-1.90e+00
-1.90e+00
-1.90e+00
-1.89e+00
-1.89e+00
-1.88e+00
-1.88e+00
-1.88e+00
-1.87e+00
-1.87e+00
-1.86e+00
-1.86e+00
-1.86e+00
-1.85e+00
-1.85e+00
-1.84e+00
-1.84e+00
-1.84e+00
-1.83e+00
-1.83e+00
-1.82e+00
-1.82e+00
-1.82e+00
-1.81e+00
-1.81e+00
-1.80e+00
-1.80e+00
-1.80e+00
-1.79e+00
-1.79e+00
-1.78e+00
-1.78e+00
-1.78e+00
-1.77e+00
-1.77e+00
-1.76e+00
-1.76e+00
-1.76e+00
-1.75e+00
-1.75e+00
-1.74e+00
-1.74e+00
-1.74e+00
-1.73e+00
-1.73e+00
-1.72e+00
-1.72e+00
-1.72e+00
-1.71e+00
-1.71e+00
-1.70e+00
-1.70e+00
-1.70e+00
-1.69e+00
-1.69e+00
-1.68e+00
-1.68e+00
-1.68e+00
-1.67e+00
-1.67e+00
-1.66e+00
-1.66e+00
-1.66e+00
-1.65e+00
-1.65e+00
-1.64e+00
-1.64e+00
-1.64e+00
-1.63e+00
-1.63e+00
-1.62e+00
-1.62e+00
-1.62e+00
-1.61e+00
-1.61e+00
-1.60e+00
-1.60e+00
-1.60e+00
-1.59e+00
-1.59e+00
-1.58e+00
-1.58e+00
-1.58e+00
-1.57e+00
-1.57e+00
-1.56e+00
-1.56e+00
-1.56e+00
-1.55e+00
-1.55e+00
-1.54e+00
-1.54e+00
-1.54e+00
-1.53e+00
-1.53e+00
-1.52e+00
-1.52e+00
-1.52e+00
-1.51e+00
-1.51e+00
-1.50e+00
-1.50e+00
-1.50e+00
-1.49e+00
-1.49e+00
-1.48e+00
-1.48e+00
-1.48e+00
-1.47e+00
-1.47e+00
-1.46e+00
-1.46e+00
-1.46e+00
-1.45e+00
-1.45e+00
-1.44e+00
-1.44e+00
-1.44e+00
-1.43e+00
-1.43e+00
-1.42e+00
-1.42e+00
-1.42e+00
-1.41e+00
-1.41e+00
-1.40e+00
-1.40e+00
-1.40e+00
-1.39e+00
-1.39e+00
-1.38e+00
-1.38e+00
-1.38e+00
-1.37e+00
-1.37e+00
-1.36e+00
-1.36e+00
-1.36e+00
-1.35e+00
-1.35e+00
-1.34e+00
-1.34e+00
-1.34e+00
-1.33e+00
-1.33e+00
-1.32e+00
-1.32e+00
-1.32e+00
-1.31e+00
-1.31e+00
-1.30e+00
-1.30e+00
-1.30e+00
-1.29e+00
-1.29e+00
-1.28e+00
-1.28e+00
-1.28e+00
-1.27e+00
-1.27e+00
-1.26e+00
-1.26e+00
-1.26e+00
-1.25e+00
-1.25e+00
-1.24e+00
-1.24e+00
-1.24e+00
-1.23e+00
-1.23e+00
-1.22e+00
-1.22e+00
-1.22e+00
-1.21e+00
-1.21e+00
-1.20e+00
-1.20e+00
-1.20e+00
-1.19e+00
-1.19e+00
-1.18e+00
-1.18e+00
-1.18e+00
-1.17e+00
-1.17e+00
-1.16e+00
-1.16e+00
-1.16e+00
-1.15e+00
-1.15e+00
-1.14e+00
-1.14e+00
-1.14e+00
-1.13e+00
-1.13e+00
-1.12e+00
-1.12e+00
-1.12e+00
-1.11e+00
-1.11e+00
-1.10e+00
-1.10e+00
-1.10e+00
-1.09e+00
-1.09e+00
-1.08e+00
-1.08e+00
-1.08e+00
-1.07e+00
-1.07e+00
-1.06e+00
-1.06e+00
-1.06e+00
-1.05e+00
-1.05e+00
-1.04e+00
-1.04e+00
-1.04e+00
-1.03e+00
-1.03e+00
-1.02e+00
-1.02e+00
-1.02e+00
-1.01e+00
-1.01e+00
-1.00e+00
-9.99e-01
-9.95e-01
-9.91e-01
-9.87e-01
-9.83e-01
-9.79e-01
-9.75e-01
-9.71e-01
-9.67e-01
-9.63e-01
-9.59e-01
-9.55e-01
-9.51e-01
-9.47e-01
-9.43e-01
-9.39e-01
-9.35e-01
-9.31e-01
-9.27e-01
-9.23e-01
-9.19e-01
-9.15e-01
-9.11e-01
-9.07e-01
-9.03e-01
-8.99e-01
-8.95e-01
-8.91e-01
-8.87e-01
-8.83e-01
-8.79e-01
-8.75e-01
-8.71e-01
-8.67e-01
-8.63e-01
-8.59e-01
-8.55e-01
-8.51e-01
-8.47e-01
-8.43e-01
-8.39e-01
-8.35e-01
-8.31e-01
-8.27e-01
-8.23e-01
-8.19e-01
-8.15e-01
-8.11e-01
-8.07e-01
-8.03e-01
-7.99e-01
-7.95e-01
-7.91e-01
-7.87e-01
-7.83e-01
-7.79e-01
-7.75e-01
-7.71e-01
-7.67e-01
-7.63e-01
-7.59e-01
-7.55e-01
-7.51e-01
-7.47e-01
-7.43e-01
-7.39e-01
-7.35e-01
-7.31e-01
-7.27e-01
-7.23e-01
-7.19e-01
-7.15e-01
-7.11e-01
-7.07e-01
-7.03e-01
-6.99e-01
-6.95e-01
-6.91e-01
-6.87e-01
-6.83e-01
-6.79e-01
-6.75e-01
-6.71e-01
-6.67e-01
-6.63e-01
-6.59e-01
-6.55e-01
-6.51e-01
-6.47e-01
-6.43e-01
-6.39e-01
-6.35e-01
-6.31e-01
-6.27e-01
-6.23e-01
-6.19e-01
-6.15e-01
-6.11e-01
-6.07e-01
-6.03e-01
-5.99e-01
-5.95e-01
-5.91e-01
-5.87e-01
-5.83e-01
-5.79e-01
-5.75e-01
-5.71e-01
-5.67e-01
-5.63e-01
-5.59e-01
-5.55e-01
-5.51e-01
-5.47e-01
-5.43e-01
-5.39e-01
-5.35e-01
-5.31e-01
-5.27e-01
-5.23e-01
-5.19e-01
-5.15e-01
-5.11e-01
-5.07e-01
-5.03e-01
-4.98e-01
-4.94e-01
-4.90e-01
-4.86e-01
-4.82e-01
-4.78e-01
-4.74e-01
-4.70e-01
-4.66e-01
-4.62e-01
-4.58e-01
-4.54e-01
-4.50e-01
-4.46e-01
-4.42e-01
-4.38e-01
-4.34e-01
-4.30e-01
-4.26e-01
-4.22e-01
-4.18e-01
-4.14e-01
-4.10e-01
-4.06e-01
-4.02e-01
-3.98e-01
-3.94e-01
-3.90e-01
-3.86e-01
-3.82e-01
-3.78e-01
-3.74e-01
-3.70e-01
-3.66e-01
-3.62e-01
-3.58e-01
-3.54e-01
-3.50e-01
-3.46e-01
-3.42e-01
-3.38e-01
-3.34e-01
-3.30e-01
-3.26e-01
-3.22e-01
-3.18e-01
-3.14e-01
-3.10e-01
-3.06e-01
-3.02e-01
-2.98e-01
-2.94e-01
-2.90e-01
-2.86e-01
-2.82e-01
-2.78e-01
-2.74e-01
-2.70e-01
-2.66e-01
-2.62e-01
-2.58e-01
-2.54e-01
-2.50e-01
-2.46e-01
-2.42e-01
-2.38e-01
-2.34e-01
-2.30e-01
-2.26e-01
-2.22e-01
-2.18e-01
-2.14e-01
-2.10e-01
-2.06e-01
-2.02e-01
-1.98e-01
-1.94e-01
-1.90e-01
-1.86e-01
-1.82e-01
-1.78e-01
-1.74e-01
-1.70e-01
-1.66e-01
-1.62e-01
-1.58e-01
-1.54e-01
-1.50e-01
-1.46e-01
-1.42e-01
-1.38e-01
-1.34e-01
-1.30e-01
-1.26e-01
-1.22e-01
-1.18e-01
-1.14e-01
-1.10e-01
-1.06e-01
-1.02e-01
-9.81e-02
-9.41e-02
-9.01e-02
-8.61e-02
-8.21e-02
-7.81e-02
-7.41e-02
-7.01e-02
-6.61e-02
-6.21e-02
-5.81e-02
-5.41e-02
-5.01e-02
-4.60e-02
-4.20e-02
-3.80e-02
-3.40e-02
-3.00e-02
-2.60e-02
-2.20e-02
-1.80e-02
-1.40e-02
-1.00e-02
-6.01e-03
-2.00e-03
2.00e-03
6.01e-03
1.00e-02
1.40e-02
1.80e-02
2.20e-02
2.60e-02
3.00e-02
3.40e-02
3.80e-02
4.20e-02
4.60e-02
5.01e-02
5.41e-02
5.81e-02
6.21e-02
6.61e-02
7.01e-02
7.41e-02
7.81e-02
8.21e-02
8.61e-02
9.01e-02
9.41e-02
9.81e-02
1.02e-01
1.06e-01
1.10e-01
1.14e-01
1.18e-01
1.22e-01
1.26e-01
1.30e-01
1.34e-01
1.38e-01
1.42e-01
1.46e-01
1.50e-01
1.54e-01
1.58e-01
1.62e-01
1.66e-01
1.70e-01
1.74e-01
1.78e-01
1.82e-01
1.86e-01
1.90e-01
1.94e-01
1.98e-01
2.02e-01
2.06e-01
2.10e-01
2.14e-01
2.18e-01
2.22e-01
2.26e-01
2.30e-01
2.34e-01
2.38e-01
2.42e-01
2.46e-01
2.50e-01
2.54e-01
2.58e-01
2.62e-01
2.66e-01
2.70e-01
2.74e-01
2.78e-01
2.82e-01
2.86e-01
2.90e-01
2.94e-01
2.98e-01
3.02e-01
3.06e-01
3.10e-01
3.14e-01
3.18e-01
3.22e-01
3.26e-01
3.30e-01
3.34e-01
3.38e-01
3.42e-01
3.46e-01
3.50e-01
3.54e-01
3.58e-01
3.62e-01
3.66e-01
3.70e-01
3.74e-01
3.78e-01
3.82e-01
3.86e-01
3.90e-01
3.94e-01
3.98e-01
4.02e-01
4.06e-01
4.10e-01
4.14e-01
4.18e-01
4.22e-01
4.26e-01
4.30e-01
4.34e-01
4.38e-01
4.42e-01
4.46e-01
4.50e-01
4.54e-01
4.58e-01
4.62e-01
4.66e-01
4.70e-01
4.74e-01
4.78e-01
4.82e-01
4.86e-01
4.90e-01
4.94e-01
4.98e-01
5.03e-01
5.07e-01
5.11e-01
5.15e-01
5.19e-01
5.23e-01
5.27e-01
5.31e-01
5.35e-01
5.39e-01
5.43e-01
5.47e-01
5.51e-01
5.55e-01
5.59e-01
5.63e-01
5.67e-01
5.71e-01
5.75e-01
5.79e-01
5.83e-01
5.87e-01
5.91e-01
5.95e-01
5.99e-01
6.03e-01
6.07e-01
6.11e-01
6.15e-01
6.19e-01
6.23e-01
6.27e-01
6.31e-01
6.35e-01
6.39e-01
6.43e-01
6.47e-01
6.51e-01
6.55e-01
6.59e-01
6.63e-01
6.67e-01
6.71e-01
6.75e-01
6.79e-01
6.83e-01
6.87e-01
6.91e-01
6.95e-01
6.99e-01
7.03e-01
7.07e-01
7.11e-01
7.15e-01
7.19e-01
7.23e-01
7.27e-01
7.31e-01
7.35e-01
7.39e-01
7.43e-01
7.47e-01
7.51e-01
7.55e-01
7.59e-01
7.63e-01
7.67e-01
7.71e-01
7.75e-01
7.79e-01
7.83e-01
7.87e-01
7.91e-01
7.95e-01
7.99e-01
8.03e-01
8.07e-01
8.11e-01
8.15e-01
8.19e-01
8.23e-01
8.27e-01
8.31e-01
8.35e-01
8.39e-01
8.43e-01
8.47e-01
8.51e-01
8.55e-01
8.59e-01
8.63e-01
8.67e-01
8.71e-01
8.75e-01
8.79e-01
8.83e-01
8.87e-01
8.91e-01
8.95e-01
8.99e-01
9.03e-01
9.07e-01
9.11e-01
9.15e-01
9.19e-01
9.23e-01
9.27e-01
9.31e-01
9.35e-01
9.39e-01
9.43e-01
9.47e-01
9.51e-01
9.55e-01
9.59e-01
9.63e-01
9.67e-01
9.71e-01
9.75e-01
9.79e-01
9.83e-01
9.87e-01
9.91e-01
9.95e-01
9.99e-01
1.00e+00
1.01e+00
1.01e+00
1.02e+00
1.02e+00
1.02e+00
1.03e+00
1.03e+00
1.04e+00
1.04e+00
1.04e+00
1.05e+00
1.05e+00
1.06e+00
1.06e+00
1.06e+00
1.07e+00
1.07e+00
1.08e+00
1.08e+00
1.08e+00
1.09e+00
1.09e+00
1.10e+00
1.10e+00
1.10e+00
1.11e+00
1.11e+00
1.12e+00
1.12e+00
1.12e+00
1.13e+00
1.13e+00
1.14e+00
1.14e+00
1.14e+00
1.15e+00
1.15e+00
1.16e+00
1.16e+00
1.16e+00
1.17e+00
1.17e+00
1.18e+00
1.18e+00
1.18e+00
1.19e+00
1.19e+00
1.20e+00
1.20e+00
1.20e+00
1.21e+00
1.21e+00
1.22e+00
1.22e+00
1.22e+00
1.23e+00
1.23e+00
1.24e+00
1.24e+00
1.24e+00
1.25e+00
1.25e+00
1.26e+00
1.26e+00
1.26e+00
1.27e+00
1.27e+00
1.28e+00
1.28e+00
1.28e+00
1.29e+00
1.29e+00
1.30e+00
1.30e+00
1.30e+00
1.31e+00
1.31e+00
1.32e+00
1.32e+00
1.32e+00
1.33e+00
1.33e+00
1.34e+00
1.34e+00
1.34e+00
1.35e+00
1.35e+00
1.36e+00
1.36e+00
1.36e+00
1.37e+00
1.37e+00
1.38e+00
1.38e+00
1.38e+00
1.39e+00
1.39e+00
1.40e+00
1.40e+00
1.40e+00
1.41e+00
1.41e+00
1.42e+00
1.42e+00
1.42e+00
1.43e+00
1.43e+00
1.44e+00
1.44e+00
1.44e+00
1.45e+00
1.45e+00
1.46e+00
1.46e+00
1.46e+00
1.47e+00
1.47e+00
1.48e+00
1.48e+00
1.48e+00
1.49e+00
1.49e+00
1.50e+00
1.50e+00
1.50e+00
1.51e+00
1.51e+00
1.52e+00
1.52e+00
1.52e+00
1.53e+00
1.53e+00
1.54e+00
1.54e+00
1.54e+00
1.55e+00
1.55e+00
1.56e+00
1.56e+00
1.56e+00
1.57e+00
1.57e+00
1.58e+00
1.58e+00
1.58e+00
1.59e+00
1.59e+00
1.60e+00
1.60e+00
1.60e+00
1.61e+00
1.61e+00
1.62e+00
1.62e+00
1.62e+00
1.63e+00
1.63e+00
1.64e+00
1.64e+00
1.64e+00
1.65e+00
1.65e+00
1.66e+00
1.66e+00
1.66e+00
1.67e+00
1.67e+00
1.68e+00
1.68e+00
1.68e+00
1.69e+00
1.69e+00
1.70e+00
1.70e+00
1.70e+00
1.71e+00
1.71e+00
1.72e+00
1.72e+00
1.72e+00
1.73e+00
1.73e+00
1.74e+00
1.74e+00
1.74e+00
1.75e+00
1.75e+00
1.76e+00
1.76e+00
1.76e+00
1.77e+00
1.77e+00
1.78e+00
1.78e+00
1.78e+00
1.79e+00
1.79e+00
1.80e+00
1.80e+00
1.80e+00
1.81e+00
1.81e+00
1.82e+00
1.82e+00
1.82e+00
1.83e+00
1.83e+00
1.84e+00
1.84e+00
1.84e+00
1.85e+00
1.85e+00
1.86e+00
1.86e+00
1.86e+00
1.87e+00
1.87e+00
1.88e+00
1.88e+00
1.88e+00
1.89e+00
1.89e+00
1.90e+00
1.90e+00
1.90e+00
1.91e+00
1.91e+00
1.92e+00
1.92e+00
1.92e+00
1.93e+00
1.93e+00
1.94e+00
1.94e+00
1.94e+00
1.95e+00
1.95e+00
1.96e+00
1.96e+00
1.96e+00
1.97e+00
1.97e+00
1.98e+00
1.98e+00
1.98e+00
1.99e+00
1.99e+00
2.00e+00
2.00e+00
