-3.93e+00
-3.85e+00
-3.72e+00
-3.61e+00
-3.52e+00
-3.43e+00
-3.33e+00
-3.23e+00
-3.13e+00
-3.05e+00
-2.96e+00
-2.89e+00
-2.80e+00
-2.73e+00
-2.65e+00
-2.59e+00
-2.52e+00
-2.44e+00
-2.38e+00
-2.32e+00
-2.26e+00
-2.20e+00
-2.14e+00
-2.10e+00
-2.04e+00
-2.00e+00
-1.96e+00
-1.92e+00
-1.89e+00
-1.85e+00
-1.82e+00
-1.79e+00
-1.77e+00
-1.75e+00
-1.73e+00
-1.71e+00
-1.70e+00
-1.68e+00
-1.67e+00
-1.66e+00
-1.65e+00
-1.65e+00
-1.64e+00
-1.63e+00
-1.63e+00
-1.62e+00
-1.62e+00
-1.62e+00
-1.61e+00
-1.61e+00
-1.61e+00
-1.61e+00
-1.60e+00
-1.60e+00
-1.60e+00
-1.60e+00
-1.60e+00
-1.60e+00
-1.60e+00
-1.61e+00
-1.61e+00
-1.61e+00
-1.62e+00
-1.63e+00
-1.64e+00
-1.65e+00
-1.67e+00
-1.68e+00
-1.70e+00
-1.72e+00
-1.75e+00
-1.77e+00
-1.80e+00
-1.83e+00
-1.86e+00
-1.90e+00
-1.93e+00
-1.97e+00
-2.02e+00
-2.06e+00
-2.10e+00
-2.17e+00
-2.22e+00
-2.27e+00
-2.32e+00
-2.40e+00
-2.45e+00
-2.52e+00
-2.57e+00
-2.65e+00
-2.72e+00
-2.80e+00
-2.87e+00
-2.95e+00
-3.03e+00
-3.12e+00
-3.22e+00
-3.31e+00
-3.40e+00
-3.48e+00
