-3.47e+00
-3.39e+00
-3.30e+00
-3.24e+00
-3.12e+00
-3.03e+00
-2.95e+00
-2.88e+00
-2.78e+00
-2.70e+00
-2.64e+00
-2.57e+00
-2.51e+00
-2.42e+00
-2.37e+00
-2.30e+00
-2.24e+00
-2.18e+00
-2.13e+00
-2.08e+00
-2.02e+00
-1.99e+00
-1.93e+00
-1.88e+00
-1.85e+00
-1.82e+00
-1.79e+00
-1.75e+00
-1.73e+00
-1.70e+00
-1.68e+00
-1.66e+00
-1.65e+00
-1.63e+00
-1.62e+00
-1.61e+00
-1.61e+00
-1.60e+00
-1.59e+00
-1.59e+00
-1.59e+00
-1.59e+00
-1.59e+00
-1.59e+00
-1.59e+00
-1.59e+00
-1.60e+00
-1.60e+00
-1.60e+00
-1.61e+00
-1.61e+00
-1.62e+00
-1.62e+00
-1.63e+00
-1.64e+00
-1.64e+00
-1.65e+00
-1.66e+00
-1.67e+00
-1.68e+00
-1.70e+00
-1.71e+00
-1.73e+00
-1.75e+00
-1.77e+00
-1.79e+00
-1.82e+00
-1.85e+00
-1.88e+00
-1.91e+00
-1.95e+00
-1.99e+00
-2.03e+00
-2.07e+00
-2.12e+00
-2.18e+00
-2.23e+00
-2.29e+00
-2.34e+00
-2.40e+00
-2.46e+00
-2.52e+00
-2.61e+00
-2.68e+00
-2.75e+00
-2.84e+00
-2.91e+00
-3.00e+00
-3.08e+00
-3.17e+00
-3.26e+00
-3.34e+00
-3.46e+00
-3.55e+00
-3.65e+00
-3.77e+00
-3.88e+00
-4.00e+00
-4.13e+00
-4.24e+00
