-4.03e+00
-3.93e+00
-3.82e+00
-3.72e+00
-3.64e+00
-3.53e+00
-3.42e+00
-3.32e+00
-3.23e+00
-3.13e+00
-3.07e+00
-2.97e+00
-2.88e+00
-2.82e+00
-2.72e+00
-2.64e+00
-2.57e+00
-2.50e+00
-2.43e+00
-2.37e+00
-2.31e+00
-2.25e+00
-2.20e+00
-2.14e+00
-2.09e+00
-2.04e+00
-2.00e+00
-1.96e+00
-1.92e+00
-1.89e+00
-1.86e+00
-1.83e+00
-1.80e+00
-1.77e+00
-1.76e+00
-1.74e+00
-1.72e+00
-1.71e+00
-1.69e+00
-1.68e+00
-1.67e+00
-1.66e+00
-1.65e+00
-1.64e+00
-1.64e+00
-1.63e+00
-1.63e+00
-1.62e+00
-1.62e+00
-1.61e+00
-1.61e+00
-1.60e+00
-1.60e+00
-1.60e+00
-1.60e+00
-1.60e+00
-1.60e+00
-1.60e+00
-1.60e+00
-1.60e+00
-1.60e+00
-1.61e+00
-1.62e+00
-1.63e+00
-1.64e+00
-1.65e+00
-1.67e+00
-1.69e+00
-1.70e+00
-1.73e+00
-1.75e+00
-1.78e+00
-1.81e+00
-1.85e+00
-1.88e+00
-1.92e+00
-1.97e+00
-2.01e+00
-2.06e+00
-2.11e+00
-2.16e+00
-2.22e+00
-2.27e+00
-2.34e+00
-2.40e+00
-2.46e+00
-2.54e+00
-2.60e+00
-2.67e+00
-2.75e+00
-2.83e+00
-2.91e+00
-3.01e+00
-3.10e+00
-3.17e+00
-3.28e+00
-3.37e+00
-3.47e+00
-3.60e+00
-3.69e+00
